2021-12-05 00:16:46 INFO     Running with command-line arguments :
2021-12-05 00:16:46 INFO     - input_dir : data/lmd_dir/s_500_m_10
2021-12-05 00:16:46 INFO     - output_dir : /home/ICM/model/output_e_50_lmd
2021-12-05 00:16:46 INFO     - dataset : lmd
2021-12-05 00:16:46 INFO     - augmentation : True
2021-12-05 00:16:46 INFO     - augmentation_pitch_range : [5, 6]
2021-12-05 00:16:46 INFO     - seq_len : 500
2021-12-05 00:16:46 INFO     - max_len : 2000
2021-12-05 00:16:46 INFO     - use_beat_postion : False
2021-12-05 00:16:46 INFO     - use_duration : False
2021-12-05 00:16:46 INFO     - use_frequency : False
2021-12-05 00:16:46 INFO     - use_onset_hint : False
2021-12-05 00:16:46 INFO     - use_pitch_hint : False
2021-12-05 00:16:46 INFO     - use_pitch_embedding : False
2021-12-05 00:16:46 INFO     - use_time_embedding : False
2021-12-05 00:16:46 INFO     - use_beat_embedding : False
2021-12-05 00:16:46 INFO     - use_duration_embedding : False
2021-12-05 00:16:46 INFO     - resolution : 24
2021-12-05 00:16:46 INFO     - max_time : 4096
2021-12-05 00:16:46 INFO     - max_beat : 4096
2021-12-05 00:16:46 INFO     - max_duration : 192
2021-12-05 00:16:46 INFO     - autoregressive : False
2021-12-05 00:16:46 INFO     - bidirectional : False
2021-12-05 00:16:46 INFO     - n_layers : 3
2021-12-05 00:16:46 INFO     - n_units : 128
2021-12-05 00:16:46 INFO     - batch_size : 16
2021-12-05 00:16:46 INFO     - epoch : 50
2021-12-05 00:16:46 INFO     - steps_per_epoch : 500
2021-12-05 00:16:46 INFO     - patience : 20
2021-12-05 00:16:46 INFO     - gpu : None
2021-12-05 00:16:46 INFO     - quiet : False
2021-12-05 00:16:46 INFO     Loading training data...
2021-12-05 00:18:02 INFO     Loading validation data...
2021-12-05 00:18:11 INFO     Building model...
2021-12-05 00:18:14 INFO     Model statistics:
2021-12-05 00:18:14 INFO     - Total parameters : 331782
2021-12-05 00:18:14 INFO     - Trainable parameters : 331782
2021-12-05 00:18:14 INFO     - Nontrainable parameters : 0
2021-12-05 00:18:14 INFO     Compiling model...
2021-12-05 00:18:14 INFO     Training model...
